Using pre-set license
Built from '2020.3/staging' branch; Version is '2020.3.0f1 (c7b5465681fb) revision 13088070'; Using compiler version '192528614'; Build Type 'Release'
OS: 'Windows 10 Home Single Language; OS build 19041.867; Version 2004; 64bit' Language: 'en' Physical Memory: 7600 MB
BatchMode: 1, IsHumanControllingUs: 0, StartBugReporterOnCrash: 0, Is64bit: 1, IsPro: 0

 COMMAND LINE ARGUMENTS:
C:\Apps\Unity\2020.3.0f1\Editor\Unity.exe
-adb2
-batchMode
-noUpm
-name
AssetImportWorker0
-projectPath
C:/Users/thoma/Programming/BotVerse/EnemyAI/EnemyAi (Project file) woLibrary
-logFile
Logs/AssetImportWorker0.log
-srvPort
61321
Successfully changed project path to: C:/Users/thoma/Programming/BotVerse/EnemyAI/EnemyAi (Project file) woLibrary
C:/Users/thoma/Programming/BotVerse/EnemyAI/EnemyAi (Project file) woLibrary
Using Asset Import Pipeline V2.
Refreshing native plugins compatible for Editor in 62.33 ms, found 0 plugins.
Preloading 0 native plugins for Editor in 0.00 ms.
Initialize engine version: 2020.3.0f1 (c7b5465681fb)
[Subsystems] Discovering subsystems at path C:/Apps/Unity/2020.3.0f1/Editor/Data/Resources/UnitySubsystems
[Subsystems] Discovering subsystems at path C:/Users/thoma/Programming/BotVerse/EnemyAI/EnemyAi (Project file) woLibrary/Assets
GfxDevice: creating device client; threaded=0
Direct3D:
    Version:  Direct3D 11.0 [level 11.1]
    Renderer: AMD Radeon(TM) Graphics (ID=0x1636)
    Vendor:   
    VRAM:     3800 MB
    Driver:   27.20.1028.1
Shader 'Universal Render Pipeline/Particles/Lit': fallback shader 'Universal Render Pipeline/Particles/SimpleLit' not found
Initialize mono
Mono path[0] = 'C:/Apps/Unity/2020.3.0f1/Editor/Data/Managed'
Mono path[1] = 'C:/Apps/Unity/2020.3.0f1/Editor/Data/MonoBleedingEdge/lib/mono/unityjit'
Mono config path = 'C:/Apps/Unity/2020.3.0f1/Editor/Data/MonoBleedingEdge/etc'
Using monoOptions --debugger-agent=transport=dt_socket,embedding=1,server=y,suspend=n,address=127.0.0.1:56352
Begin MonoManager ReloadAssembly
Registering precompiled unity dll's ...
Register platform support module: C:/Apps/Unity/2020.3.0f1/Editor/Data/PlaybackEngines/WebGLSupport/UnityEditor.WebGL.Extensions.dll
Register platform support module: C:/Apps/Unity/2020.3.0f1/Editor/Data/PlaybackEngines/WindowsStandaloneSupport/UnityEditor.WindowsStandalone.Extensions.dll
Registered in 0.001796 seconds.
Native extension for WindowsStandalone target not found
Native extension for WebGL target not found
Refreshing native plugins compatible for Editor in 62.57 ms, found 0 plugins.
Preloading 0 native plugins for Editor in 0.00 ms.
Invoked RoslynAnalysisRunner static constructor.
RoslynAnalysisRunner will not be running.
RoslynAnalysisRunner has terminated.
Mono: successfully reloaded assembly
- Completed reload, in  0.948 seconds
Platform modules already initialized, skipping
Registering precompiled user dll's ...
Registered in 0.001808 seconds.
Begin MonoManager ReloadAssembly
Native extension for WindowsStandalone target not found
Native extension for WebGL target not found
Refreshing native plugins compatible for Editor in 64.86 ms, found 0 plugins.
Preloading 0 native plugins for Editor in 0.00 ms.
Invoked RoslynAnalysisRunner static constructor.
RoslynAnalysisRunner will not be running.
RoslynAnalysisRunner has terminated.
Mono: successfully reloaded assembly
- Completed reload, in  0.935 seconds
Platform modules already initialized, skipping
========================================================================
Worker process is ready to serve import requests
Shader 'Universal Render Pipeline/Particles/Lit': fallback shader 'Universal Render Pipeline/Particles/SimpleLit' not found
Launched and connected shader compiler UnityShaderCompiler.exe after 0.05 seconds
Refreshing native plugins compatible for Editor in 0.68 ms, found 0 plugins.
Preloading 0 native plugins for Editor in 0.00 ms.
Unloading 3017 Unused Serialized files (Serialized files now loaded: 0)
System memory in use before: 145.7 MB.
System memory in use after: 145.9 MB.

Unloading 12 unused Assets to reduce memory usage. Loaded Objects now: 3466.
Total: 3.066800 ms (FindLiveObjects: 0.419400 ms CreateObjectMapping: 0.100000 ms MarkObjects: 2.345100 ms  DeleteObjects: 0.200700 ms)

========================================================================
Received Import Request.
  path: Assets/_ImportetAssets/Simple Health Bar/Editor
  artifactKey: Guid(4164bbda5c0c4f14ea38f22cbeb1f0e1) Importer(815301076,1909f56bfc062723c751e8b465ee728b)
Start importing Assets/_ImportetAssets/Simple Health Bar/Editor using Guid(4164bbda5c0c4f14ea38f22cbeb1f0e1) Importer(815301076,1909f56bfc062723c751e8b465ee728b)  -> (artifact id: 'e1c0aaca4ce8bed5ea2fc955fd4f103b') in 0.017105 seconds
  Import took 0.023662 seconds .

========================================================================
Received Import Request.
  Time since last request: 0.806544 seconds.
  path: Assets/Stuff
  artifactKey: Guid(d08abd0d5b5440545bca3c4d89e5d12a) Importer(815301076,1909f56bfc062723c751e8b465ee728b)
Start importing Assets/Stuff using Guid(d08abd0d5b5440545bca3c4d89e5d12a) Importer(815301076,1909f56bfc062723c751e8b465ee728b)  -> (artifact id: '5ae106d771b880b36f120ea9c577b783') in 0.011670 seconds
  Import took 0.019513 seconds .

========================================================================
Received Import Request.
  Time since last request: 0.068414 seconds.
  path: Assets/Stuff/Ai.prefab
  artifactKey: Guid(9cde4e7248211ff41a52423221682f01) Importer(815301076,1909f56bfc062723c751e8b465ee728b)
Start importing Assets/Stuff/Ai.prefab using Guid(9cde4e7248211ff41a52423221682f01) Importer(815301076,1909f56bfc062723c751e8b465ee728b)  -> (artifact id: '02ad422b3d96eb8a1bd97e2be3bd6e30') in 0.578622 seconds
  Import took 0.586044 seconds .

========================================================================
Received Import Request.
  Time since last request: 0.000345 seconds.
  path: Assets/Stuff/built titling bd.ttf
  artifactKey: Guid(b73fb5470b7614846869933f7bcb87e3) Importer(815301076,1909f56bfc062723c751e8b465ee728b)
Start importing Assets/Stuff/built titling bd.ttf using Guid(b73fb5470b7614846869933f7bcb87e3) Importer(815301076,1909f56bfc062723c751e8b465ee728b)  -> (artifact id: '87c1f9a3461d17b1092c8720b5c31a47') in 0.062038 seconds
  Import took 0.067752 seconds .

========================================================================
Received Import Request.
  Time since last request: 0.000245 seconds.
  path: Assets/Stuff/Neon.mat
  artifactKey: Guid(1ae2b148cc60fc74382f51e65ff24f49) Importer(815301076,1909f56bfc062723c751e8b465ee728b)
Start importing Assets/Stuff/Neon.mat using Guid(1ae2b148cc60fc74382f51e65ff24f49) Importer(815301076,1909f56bfc062723c751e8b465ee728b)  -> (artifact id: 'ad630b05b25b04631cd0ac5f6690ac54') in 0.024669 seconds
  Import took 0.031279 seconds .

========================================================================
Received Import Request.
  Time since last request: 0.000303 seconds.
  path: Assets/Stuff/Player.physicMaterial
  artifactKey: Guid(73faf5e141007e943bb4d5492d282147) Importer(815301076,1909f56bfc062723c751e8b465ee728b)
Start importing Assets/Stuff/Player.physicMaterial using Guid(73faf5e141007e943bb4d5492d282147) Importer(815301076,1909f56bfc062723c751e8b465ee728b)  -> (artifact id: '0fdb7e5998193831b506dfa369c2062c') in 0.014479 seconds
  Import took 0.019900 seconds .

========================================================================
Received Import Request.
  Time since last request: 0.000300 seconds.
  path: Assets/Stuff/Redd.mat
  artifactKey: Guid(9f6c5043b258bd349af5cca0ea498030) Importer(815301076,1909f56bfc062723c751e8b465ee728b)
Start importing Assets/Stuff/Redd.mat using Guid(9f6c5043b258bd349af5cca0ea498030) Importer(815301076,1909f56bfc062723c751e8b465ee728b)  -> (artifact id: '6a13d6692682eb2ec2bed23d90388dc7') in 0.025410 seconds
  Import took 0.031637 seconds .

========================================================================
Received Import Request.
  Time since last request: 0.000286 seconds.
  path: Assets/Stuff/BlackBullet.mat
  artifactKey: Guid(a9a3901c3d23098458bb8a13df34b845) Importer(815301076,1909f56bfc062723c751e8b465ee728b)
Start importing Assets/Stuff/BlackBullet.mat using Guid(a9a3901c3d23098458bb8a13df34b845) Importer(815301076,1909f56bfc062723c751e8b465ee728b)  -> (artifact id: '1459a79960b8df8111fd8e6d6f1cf94b') in 0.023070 seconds
  Import took 0.029864 seconds .

========================================================================
Received Import Request.
  Time since last request: 0.000241 seconds.
  path: Assets/Stuff/Pink.mat
  artifactKey: Guid(7293f23a34fbd2e48ac6a26cdca28410) Importer(815301076,1909f56bfc062723c751e8b465ee728b)
Start importing Assets/Stuff/Pink.mat using Guid(7293f23a34fbd2e48ac6a26cdca28410) Importer(815301076,1909f56bfc062723c751e8b465ee728b)  -> (artifact id: '888d031063e6eb1f27c409491947ef3a') in 0.027336 seconds
  Import took 0.034784 seconds .

========================================================================
Received Import Request.
  Time since last request: 0.000304 seconds.
  path: Assets/Stuff/Bullet.prefab
  artifactKey: Guid(d7e8c0ec769a37f43be165ea92079978) Importer(815301076,1909f56bfc062723c751e8b465ee728b)
Start importing Assets/Stuff/Bullet.prefab using Guid(d7e8c0ec769a37f43be165ea92079978) Importer(815301076,1909f56bfc062723c751e8b465ee728b)  -> (artifact id: 'b125025e2aad813bc74dbf595186afce') in 0.025796 seconds
  Import took 0.034460 seconds .

========================================================================
Received Import Request.
  Time since last request: 0.000383 seconds.
  path: Assets/Stuff/Green.mat
  artifactKey: Guid(99287f36ad707924facf4b8c5e1d775d) Importer(815301076,1909f56bfc062723c751e8b465ee728b)
Start importing Assets/Stuff/Green.mat using Guid(99287f36ad707924facf4b8c5e1d775d) Importer(815301076,1909f56bfc062723c751e8b465ee728b)  -> (artifact id: '0bfffd19b8953a54fb9453c92d77eb44') in 0.023970 seconds
  Import took 0.031741 seconds .

========================================================================
Received Import Request.
  Time since last request: 0.000544 seconds.
  path: Assets/Stuff/Night.asset
  artifactKey: Guid(ba25a54de9bed3d4b8bd9d2d337c2f29) Importer(815301076,1909f56bfc062723c751e8b465ee728b)
Start importing Assets/Stuff/Night.asset using Guid(ba25a54de9bed3d4b8bd9d2d337c2f29) Importer(815301076,1909f56bfc062723c751e8b465ee728b)  -> (artifact id: '03bfa0987c764d0909c28e66e8c7e1e4') in 0.031557 seconds
  Import took 0.037567 seconds .

========================================================================
Received Import Request.
  Time since last request: 0.000439 seconds.
  path: Assets/Stuff/Player.mat
  artifactKey: Guid(d1b1c8298f43ff7448fce53f5fba779f) Importer(815301076,1909f56bfc062723c751e8b465ee728b)
Start importing Assets/Stuff/Player.mat using Guid(d1b1c8298f43ff7448fce53f5fba779f) Importer(815301076,1909f56bfc062723c751e8b465ee728b)  -> (artifact id: 'fe90807d0e7212cd84d1d52fd2722da1') in 0.016095 seconds
  Import took 0.022294 seconds .

========================================================================
Received Import Request.
  Time since last request: 0.000535 seconds.
  path: Assets/Stuff/Prefab 1.prefab
  artifactKey: Guid(e12d321827465ca49a971f6d35eb1e61) Importer(815301076,1909f56bfc062723c751e8b465ee728b)
Start importing Assets/Stuff/Prefab 1.prefab using Guid(e12d321827465ca49a971f6d35eb1e61) Importer(815301076,1909f56bfc062723c751e8b465ee728b)  -> (artifact id: '90e98973a7b89570651e8d0cc2c36b1c') in 0.161806 seconds
  Import took 0.171497 seconds .

========================================================================
Received Import Request.
  Time since last request: 0.000392 seconds.
  path: Assets/Stuff/ppv.asset
  artifactKey: Guid(8f85409810121b141aab358dda84bbeb) Importer(815301076,1909f56bfc062723c751e8b465ee728b)
Start importing Assets/Stuff/ppv.asset using Guid(8f85409810121b141aab358dda84bbeb) Importer(815301076,1909f56bfc062723c751e8b465ee728b)  -> (artifact id: 'f0b46421e7d1b14abff55022a3b196d0') in 0.010080 seconds
  Import took 0.015356 seconds .

========================================================================
Received Import Request.
  Time since last request: 0.000245 seconds.
  path: Assets/Stuff/ramp.physicMaterial
  artifactKey: Guid(26bdae4b00db3044698211532ce377c5) Importer(815301076,1909f56bfc062723c751e8b465ee728b)
Start importing Assets/Stuff/ramp.physicMaterial using Guid(26bdae4b00db3044698211532ce377c5) Importer(815301076,1909f56bfc062723c751e8b465ee728b)  -> (artifact id: '00056986444676bfb279a07abaf10225') in 0.009410 seconds
  Import took 0.015359 seconds .

========================================================================
Received Import Request.
  Time since last request: 0.000333 seconds.
  path: Assets/Stuff/MuzzleFlashEffect 1.prefab
  artifactKey: Guid(e4e348fcdfeb966468e594ab433a0078) Importer(815301076,1909f56bfc062723c751e8b465ee728b)
Start importing Assets/Stuff/MuzzleFlashEffect 1.prefab using Guid(e4e348fcdfeb966468e594ab433a0078) Importer(815301076,1909f56bfc062723c751e8b465ee728b)  -> (artifact id: 'c15468984b80d7f7102b31daac36d64a') in 0.013944 seconds
  Import took 0.022338 seconds .

========================================================================
Received Import Request.
  Time since last request: 0.000290 seconds.
  path: Assets/Stuff/Projectile_Mat.mat
  artifactKey: Guid(d7fdd2b85c6c27c45844b0171fcb4a44) Importer(815301076,1909f56bfc062723c751e8b465ee728b)
Start importing Assets/Stuff/Projectile_Mat.mat using Guid(d7fdd2b85c6c27c45844b0171fcb4a44) Importer(815301076,1909f56bfc062723c751e8b465ee728b)  -> (artifact id: 'a58ddb532841e89bf743549b12d98c4d') in 0.034767 seconds
  Import took 0.040344 seconds .

========================================================================
Received Import Request.
  Time since last request: 0.000508 seconds.
  path: Assets/Stuff/Prefab.prefab
  artifactKey: Guid(b0e23e6520483874fa736abd6d3dd726) Importer(815301076,1909f56bfc062723c751e8b465ee728b)
Start importing Assets/Stuff/Prefab.prefab using Guid(b0e23e6520483874fa736abd6d3dd726) Importer(815301076,1909f56bfc062723c751e8b465ee728b)  -> (artifact id: 'd41a6170eebd187bd2ac41d282525f3d') in 0.075716 seconds
  Import took 0.091467 seconds .

========================================================================
Received Import Request.
  Time since last request: 0.000245 seconds.
  path: Assets/Stuff/built titling bd SDF.asset
  artifactKey: Guid(db025acd2490160429a9340056ea699d) Importer(815301076,1909f56bfc062723c751e8b465ee728b)
Start importing Assets/Stuff/built titling bd SDF.asset using Guid(db025acd2490160429a9340056ea699d) Importer(815301076,1909f56bfc062723c751e8b465ee728b)  -> (artifact id: '439d65b0e035999c7dc2abd8692d932b') in 0.062155 seconds
  Import took 0.068243 seconds .

========================================================================
Received Import Request.
  Time since last request: 0.000265 seconds.
  path: Assets/Stuff/Enemy.prefab
  artifactKey: Guid(fbed313c329c01f41a0d5ed825f47726) Importer(815301076,1909f56bfc062723c751e8b465ee728b)
Start importing Assets/Stuff/Enemy.prefab using Guid(fbed313c329c01f41a0d5ed825f47726) Importer(815301076,1909f56bfc062723c751e8b465ee728b)  -> (artifact id: 'b39009d23b4dbca93ca991d0291ad7d5') in 0.088726 seconds
  Import took 0.096386 seconds .

========================================================================
Received Import Request.
  Time since last request: 0.000250 seconds.
  path: Assets/Stuff/Day.asset
  artifactKey: Guid(2cec7dd15700a3048a4de1b9d38804e7) Importer(815301076,1909f56bfc062723c751e8b465ee728b)
Start importing Assets/Stuff/Day.asset using Guid(2cec7dd15700a3048a4de1b9d38804e7) Importer(815301076,1909f56bfc062723c751e8b465ee728b)  -> (artifact id: '1e082d58e038b1cf8798ba159e1cabbc') in 0.009351 seconds
  Import took 0.015373 seconds .

========================================================================
Received Import Request.
  Time since last request: 0.000302 seconds.
  path: Assets/Stuff/Red.mat
  artifactKey: Guid(898bdef38d884a14bb1aaf53e65ccd62) Importer(815301076,1909f56bfc062723c751e8b465ee728b)
Start importing Assets/Stuff/Red.mat using Guid(898bdef38d884a14bb1aaf53e65ccd62) Importer(815301076,1909f56bfc062723c751e8b465ee728b)  -> (artifact id: 'b96ac467bd4486438a53155a104e0c2a') in 0.026887 seconds
  Import took 0.033049 seconds .

========================================================================
Received Import Request.
  Time since last request: 0.000356 seconds.
  path: Assets/Stuff/MuzzleFlashEffect.prefab
  artifactKey: Guid(f7ee8ecf250c1d94e8f9b9eab7b696d5) Importer(815301076,1909f56bfc062723c751e8b465ee728b)
Start importing Assets/Stuff/MuzzleFlashEffect.prefab using Guid(f7ee8ecf250c1d94e8f9b9eab7b696d5) Importer(815301076,1909f56bfc062723c751e8b465ee728b)  -> (artifact id: 'ece4aaff44dc8f134013caef43c37bc3') in 0.014918 seconds
  Import took 0.020502 seconds .

========================================================================
Received Import Request.
  Time since last request: 466.489784 seconds.
  path: Assets/weights.csv
  artifactKey: Guid(c9e016c898eb61f41a1a8d3dee6f4f6d) Importer(815301076,1909f56bfc062723c751e8b465ee728b)
Start importing Assets/weights.csv using Guid(c9e016c898eb61f41a1a8d3dee6f4f6d) Importer(815301076,1909f56bfc062723c751e8b465ee728b)  -> (artifact id: '7d098a5625887fe4dbf2991a43288207') in 0.017565 seconds
  Import took 0.025577 seconds .

========================================================================
Received Import Request.
  Time since last request: 9.496766 seconds.
  path: Assets/Stuff/EnemyChar/NeuralNetwork.cs
  artifactKey: Guid(a9bbdf2d12125fc409ff42e6ae024e16) Importer(815301076,1909f56bfc062723c751e8b465ee728b)
Start importing Assets/Stuff/EnemyChar/NeuralNetwork.cs using Guid(a9bbdf2d12125fc409ff42e6ae024e16) Importer(815301076,1909f56bfc062723c751e8b465ee728b)  -> (artifact id: 'd8818910eceea43fb07b43f2baa7f47d') in 0.022578 seconds
  Import took 0.029986 seconds .

========================================================================
Received Prepare
Registering precompiled user dll's ...
Registered in 0.001802 seconds.
Begin MonoManager ReloadAssembly
Native extension for WindowsStandalone target not found
Native extension for WebGL target not found
Refreshing native plugins compatible for Editor in 0.68 ms, found 0 plugins.
Preloading 0 native plugins for Editor in 0.00 ms.
Invoked RoslynAnalysisRunner static constructor.
RoslynAnalysisRunner will not be running.
RoslynAnalysisRunner has terminated.
Mono: successfully reloaded assembly
- Completed reload, in  0.903 seconds
Platform modules already initialized, skipping
Shader 'Universal Render Pipeline/Particles/Lit': fallback shader 'Universal Render Pipeline/Particles/SimpleLit' not found
Refreshing native plugins compatible for Editor in 0.69 ms, found 0 plugins.
Preloading 0 native plugins for Editor in 0.00 ms.
Unloading 2879 Unused Serialized files (Serialized files now loaded: 0)
System memory in use before: 152.9 MB.
System memory in use after: 153.0 MB.

Unloading 9 unused Assets to reduce memory usage. Loaded Objects now: 3520.
Total: 3.214900 ms (FindLiveObjects: 0.612100 ms CreateObjectMapping: 0.247900 ms MarkObjects: 2.137400 ms  DeleteObjects: 0.215600 ms)

========================================================================
Received Prepare
Registering precompiled user dll's ...
Registered in 0.001912 seconds.
Begin MonoManager ReloadAssembly
Native extension for WindowsStandalone target not found
Native extension for WebGL target not found
Refreshing native plugins compatible for Editor in 0.72 ms, found 0 plugins.
Preloading 0 native plugins for Editor in 0.00 ms.
Invoked RoslynAnalysisRunner static constructor.
RoslynAnalysisRunner will not be running.
RoslynAnalysisRunner has terminated.
Mono: successfully reloaded assembly
- Completed reload, in  0.827 seconds
Platform modules already initialized, skipping
Shader 'Universal Render Pipeline/Particles/Lit': fallback shader 'Universal Render Pipeline/Particles/SimpleLit' not found
Refreshing native plugins compatible for Editor in 0.76 ms, found 0 plugins.
Preloading 0 native plugins for Editor in 0.00 ms.
Unloading 2879 Unused Serialized files (Serialized files now loaded: 0)
System memory in use before: 152.9 MB.
System memory in use after: 153.1 MB.

Unloading 7 unused Assets to reduce memory usage. Loaded Objects now: 3523.
Total: 3.113100 ms (FindLiveObjects: 0.391700 ms CreateObjectMapping: 0.104700 ms MarkObjects: 2.496000 ms  DeleteObjects: 0.119100 ms)

========================================================================
Received Prepare
Registering precompiled user dll's ...
Registered in 0.001728 seconds.
Begin MonoManager ReloadAssembly
Native extension for WindowsStandalone target not found
Native extension for WebGL target not found
Refreshing native plugins compatible for Editor in 0.72 ms, found 0 plugins.
Preloading 0 native plugins for Editor in 0.00 ms.
Invoked RoslynAnalysisRunner static constructor.
RoslynAnalysisRunner will not be running.
RoslynAnalysisRunner has terminated.
Mono: successfully reloaded assembly
- Completed reload, in  0.797 seconds
Platform modules already initialized, skipping
Shader 'Universal Render Pipeline/Particles/Lit': fallback shader 'Universal Render Pipeline/Particles/SimpleLit' not found
Refreshing native plugins compatible for Editor in 0.73 ms, found 0 plugins.
Preloading 0 native plugins for Editor in 0.00 ms.
Unloading 2879 Unused Serialized files (Serialized files now loaded: 0)
System memory in use before: 152.9 MB.
System memory in use after: 153.1 MB.

Unloading 7 unused Assets to reduce memory usage. Loaded Objects now: 3526.
Total: 2.898800 ms (FindLiveObjects: 0.400800 ms CreateObjectMapping: 0.108700 ms MarkObjects: 2.266100 ms  DeleteObjects: 0.121700 ms)

========================================================================
Received Prepare
Registering precompiled user dll's ...
Registered in 0.001741 seconds.
Begin MonoManager ReloadAssembly
Native extension for WindowsStandalone target not found
Native extension for WebGL target not found
Refreshing native plugins compatible for Editor in 0.70 ms, found 0 plugins.
Preloading 0 native plugins for Editor in 0.00 ms.
Invoked RoslynAnalysisRunner static constructor.
RoslynAnalysisRunner will not be running.
RoslynAnalysisRunner has terminated.
Mono: successfully reloaded assembly
- Completed reload, in  0.804 seconds
Platform modules already initialized, skipping
Shader 'Universal Render Pipeline/Particles/Lit': fallback shader 'Universal Render Pipeline/Particles/SimpleLit' not found
Refreshing native plugins compatible for Editor in 0.69 ms, found 0 plugins.
Preloading 0 native plugins for Editor in 0.00 ms.
Unloading 2879 Unused Serialized files (Serialized files now loaded: 0)
System memory in use before: 153.0 MB.
System memory in use after: 153.1 MB.

Unloading 7 unused Assets to reduce memory usage. Loaded Objects now: 3529.
Total: 2.951000 ms (FindLiveObjects: 0.508700 ms CreateObjectMapping: 0.177800 ms MarkObjects: 2.129600 ms  DeleteObjects: 0.133600 ms)

========================================================================
Received Prepare
Registering precompiled user dll's ...
Registered in 0.002107 seconds.
Begin MonoManager ReloadAssembly
Native extension for WindowsStandalone target not found
Native extension for WebGL target not found
Refreshing native plugins compatible for Editor in 0.69 ms, found 0 plugins.
Preloading 0 native plugins for Editor in 0.00 ms.
Invoked RoslynAnalysisRunner static constructor.
RoslynAnalysisRunner will not be running.
RoslynAnalysisRunner has terminated.
Mono: successfully reloaded assembly
- Completed reload, in  0.796 seconds
Platform modules already initialized, skipping
Shader 'Universal Render Pipeline/Particles/Lit': fallback shader 'Universal Render Pipeline/Particles/SimpleLit' not found
Refreshing native plugins compatible for Editor in 0.68 ms, found 0 plugins.
Preloading 0 native plugins for Editor in 0.00 ms.
Unloading 2875 Unused Serialized files (Serialized files now loaded: 0)
System memory in use before: 152.9 MB.
System memory in use after: 153.1 MB.

Unloading 11 unused Assets to reduce memory usage. Loaded Objects now: 3528.
Total: 3.073600 ms (FindLiveObjects: 0.587800 ms CreateObjectMapping: 0.108800 ms MarkObjects: 2.184600 ms  DeleteObjects: 0.188500 ms)

========================================================================
Received Prepare
Registering precompiled user dll's ...
Registered in 0.001824 seconds.
Begin MonoManager ReloadAssembly
Native extension for WindowsStandalone target not found
Native extension for WebGL target not found
Refreshing native plugins compatible for Editor in 0.69 ms, found 0 plugins.
Preloading 0 native plugins for Editor in 0.00 ms.
Invoked RoslynAnalysisRunner static constructor.
RoslynAnalysisRunner will not be running.
RoslynAnalysisRunner has terminated.
Mono: successfully reloaded assembly
- Completed reload, in  0.785 seconds
Platform modules already initialized, skipping
Shader 'Universal Render Pipeline/Particles/Lit': fallback shader 'Universal Render Pipeline/Particles/SimpleLit' not found
Refreshing native plugins compatible for Editor in 0.69 ms, found 0 plugins.
Preloading 0 native plugins for Editor in 0.00 ms.
Unloading 2875 Unused Serialized files (Serialized files now loaded: 0)
System memory in use before: 152.9 MB.
System memory in use after: 153.1 MB.

Unloading 7 unused Assets to reduce memory usage. Loaded Objects now: 3531.
Total: 4.827400 ms (FindLiveObjects: 1.173000 ms CreateObjectMapping: 0.131500 ms MarkObjects: 3.392900 ms  DeleteObjects: 0.127900 ms)

========================================================================
Received Prepare
Registering precompiled user dll's ...
Registered in 0.002751 seconds.
Begin MonoManager ReloadAssembly
Native extension for WindowsStandalone target not found
Native extension for WebGL target not found
Refreshing native plugins compatible for Editor in 0.70 ms, found 0 plugins.
Preloading 0 native plugins for Editor in 0.00 ms.
Invoked RoslynAnalysisRunner static constructor.
RoslynAnalysisRunner will not be running.
RoslynAnalysisRunner has terminated.
Mono: successfully reloaded assembly
- Completed reload, in  0.817 seconds
Platform modules already initialized, skipping
Shader 'Universal Render Pipeline/Particles/Lit': fallback shader 'Universal Render Pipeline/Particles/SimpleLit' not found
Refreshing native plugins compatible for Editor in 0.71 ms, found 0 plugins.
Preloading 0 native plugins for Editor in 0.00 ms.
Unloading 2875 Unused Serialized files (Serialized files now loaded: 0)
System memory in use before: 152.9 MB.
System memory in use after: 153.1 MB.

Unloading 7 unused Assets to reduce memory usage. Loaded Objects now: 3534.
Total: 2.847800 ms (FindLiveObjects: 0.448300 ms CreateObjectMapping: 0.164800 ms MarkObjects: 2.110800 ms  DeleteObjects: 0.122600 ms)

========================================================================
Received Prepare
Registering precompiled user dll's ...
Registered in 0.001811 seconds.
Begin MonoManager ReloadAssembly
Native extension for WindowsStandalone target not found
Native extension for WebGL target not found
Refreshing native plugins compatible for Editor in 0.73 ms, found 0 plugins.
Preloading 0 native plugins for Editor in 0.00 ms.
Invoked RoslynAnalysisRunner static constructor.
RoslynAnalysisRunner will not be running.
RoslynAnalysisRunner has terminated.
Mono: successfully reloaded assembly
- Completed reload, in  0.830 seconds
Platform modules already initialized, skipping
Shader 'Universal Render Pipeline/Particles/Lit': fallback shader 'Universal Render Pipeline/Particles/SimpleLit' not found
Refreshing native plugins compatible for Editor in 0.79 ms, found 0 plugins.
Preloading 0 native plugins for Editor in 0.00 ms.
Unloading 2875 Unused Serialized files (Serialized files now loaded: 0)
System memory in use before: 152.9 MB.
System memory in use after: 153.1 MB.

Unloading 7 unused Assets to reduce memory usage. Loaded Objects now: 3537.
Total: 3.274500 ms (FindLiveObjects: 0.588900 ms CreateObjectMapping: 0.194600 ms MarkObjects: 2.375000 ms  DeleteObjects: 0.113800 ms)

========================================================================
Received Prepare
Registering precompiled user dll's ...
Registered in 0.001815 seconds.
Begin MonoManager ReloadAssembly
Native extension for WindowsStandalone target not found
Native extension for WebGL target not found
Refreshing native plugins compatible for Editor in 0.70 ms, found 0 plugins.
Preloading 0 native plugins for Editor in 0.00 ms.
Invoked RoslynAnalysisRunner static constructor.
RoslynAnalysisRunner will not be running.
RoslynAnalysisRunner has terminated.
Mono: successfully reloaded assembly
- Completed reload, in  0.788 seconds
Platform modules already initialized, skipping
Shader 'Universal Render Pipeline/Particles/Lit': fallback shader 'Universal Render Pipeline/Particles/SimpleLit' not found
Refreshing native plugins compatible for Editor in 0.68 ms, found 0 plugins.
Preloading 0 native plugins for Editor in 0.00 ms.
Unloading 2875 Unused Serialized files (Serialized files now loaded: 0)
System memory in use before: 152.9 MB.
System memory in use after: 153.1 MB.

Unloading 7 unused Assets to reduce memory usage. Loaded Objects now: 3540.
Total: 2.613300 ms (FindLiveObjects: 0.372000 ms CreateObjectMapping: 0.091600 ms MarkObjects: 2.034000 ms  DeleteObjects: 0.113900 ms)

========================================================================
Received Prepare
Registering precompiled user dll's ...
Registered in 0.001746 seconds.
Begin MonoManager ReloadAssembly
Native extension for WindowsStandalone target not found
Native extension for WebGL target not found
Refreshing native plugins compatible for Editor in 0.71 ms, found 0 plugins.
Preloading 0 native plugins for Editor in 0.00 ms.
Invoked RoslynAnalysisRunner static constructor.
RoslynAnalysisRunner will not be running.
RoslynAnalysisRunner has terminated.
Mono: successfully reloaded assembly
- Completed reload, in  0.816 seconds
Platform modules already initialized, skipping
Shader 'Universal Render Pipeline/Particles/Lit': fallback shader 'Universal Render Pipeline/Particles/SimpleLit' not found
Refreshing native plugins compatible for Editor in 0.69 ms, found 0 plugins.
Preloading 0 native plugins for Editor in 0.00 ms.
Unloading 2875 Unused Serialized files (Serialized files now loaded: 0)
System memory in use before: 152.9 MB.
System memory in use after: 153.1 MB.

Unloading 7 unused Assets to reduce memory usage. Loaded Objects now: 3543.
Total: 3.066900 ms (FindLiveObjects: 0.536500 ms CreateObjectMapping: 0.180600 ms MarkObjects: 2.174600 ms  DeleteObjects: 0.173500 ms)

========================================================================
Received Prepare
Registering precompiled user dll's ...
Registered in 0.001758 seconds.
Begin MonoManager ReloadAssembly
Native extension for WindowsStandalone target not found
Native extension for WebGL target not found
Refreshing native plugins compatible for Editor in 0.69 ms, found 0 plugins.
Preloading 0 native plugins for Editor in 0.00 ms.
Invoked RoslynAnalysisRunner static constructor.
RoslynAnalysisRunner will not be running.
RoslynAnalysisRunner has terminated.
Mono: successfully reloaded assembly
- Completed reload, in  0.822 seconds
Platform modules already initialized, skipping
Shader 'Universal Render Pipeline/Particles/Lit': fallback shader 'Universal Render Pipeline/Particles/SimpleLit' not found
Refreshing native plugins compatible for Editor in 0.76 ms, found 0 plugins.
Preloading 0 native plugins for Editor in 0.00 ms.
Unloading 2875 Unused Serialized files (Serialized files now loaded: 0)
System memory in use before: 152.9 MB.
System memory in use after: 153.1 MB.

Unloading 7 unused Assets to reduce memory usage. Loaded Objects now: 3546.
Total: 3.586300 ms (FindLiveObjects: 0.630200 ms CreateObjectMapping: 0.249300 ms MarkObjects: 2.593300 ms  DeleteObjects: 0.111400 ms)

========================================================================
Received Prepare
Registering precompiled user dll's ...
Registered in 0.001789 seconds.
Begin MonoManager ReloadAssembly
Native extension for WindowsStandalone target not found
Native extension for WebGL target not found
Refreshing native plugins compatible for Editor in 0.70 ms, found 0 plugins.
Preloading 0 native plugins for Editor in 0.00 ms.
Invoked RoslynAnalysisRunner static constructor.
RoslynAnalysisRunner will not be running.
RoslynAnalysisRunner has terminated.
Mono: successfully reloaded assembly
- Completed reload, in  0.832 seconds
Platform modules already initialized, skipping
Shader 'Universal Render Pipeline/Particles/Lit': fallback shader 'Universal Render Pipeline/Particles/SimpleLit' not found
Refreshing native plugins compatible for Editor in 0.69 ms, found 0 plugins.
Preloading 0 native plugins for Editor in 0.00 ms.
Unloading 2875 Unused Serialized files (Serialized files now loaded: 0)
System memory in use before: 152.9 MB.
System memory in use after: 153.1 MB.

Unloading 7 unused Assets to reduce memory usage. Loaded Objects now: 3549.
Total: 3.642800 ms (FindLiveObjects: 0.604000 ms CreateObjectMapping: 0.276700 ms MarkObjects: 2.644400 ms  DeleteObjects: 0.114800 ms)

========================================================================
Received Prepare
Registering precompiled user dll's ...
Registered in 0.001825 seconds.
Begin MonoManager ReloadAssembly
Native extension for WindowsStandalone target not found
Native extension for WebGL target not found
Refreshing native plugins compatible for Editor in 0.70 ms, found 0 plugins.
Preloading 0 native plugins for Editor in 0.00 ms.
Invoked RoslynAnalysisRunner static constructor.
RoslynAnalysisRunner will not be running.
RoslynAnalysisRunner has terminated.
Mono: successfully reloaded assembly
- Completed reload, in  0.813 seconds
Platform modules already initialized, skipping
Shader 'Universal Render Pipeline/Particles/Lit': fallback shader 'Universal Render Pipeline/Particles/SimpleLit' not found
Refreshing native plugins compatible for Editor in 0.68 ms, found 0 plugins.
Preloading 0 native plugins for Editor in 0.00 ms.
Unloading 2875 Unused Serialized files (Serialized files now loaded: 0)
System memory in use before: 152.9 MB.
System memory in use after: 153.1 MB.

Unloading 7 unused Assets to reduce memory usage. Loaded Objects now: 3552.
Total: 3.235200 ms (FindLiveObjects: 0.790000 ms CreateObjectMapping: 0.290200 ms MarkObjects: 2.034100 ms  DeleteObjects: 0.118800 ms)

========================================================================
Received Prepare
Registering precompiled user dll's ...
Registered in 0.001726 seconds.
Begin MonoManager ReloadAssembly
Native extension for WindowsStandalone target not found
Native extension for WebGL target not found
Refreshing native plugins compatible for Editor in 0.69 ms, found 0 plugins.
Preloading 0 native plugins for Editor in 0.00 ms.
Invoked RoslynAnalysisRunner static constructor.
RoslynAnalysisRunner will not be running.
RoslynAnalysisRunner has terminated.
Mono: successfully reloaded assembly
- Completed reload, in  1.048 seconds
Platform modules already initialized, skipping
Shader 'Universal Render Pipeline/Particles/Lit': fallback shader 'Universal Render Pipeline/Particles/SimpleLit' not found
Refreshing native plugins compatible for Editor in 0.68 ms, found 0 plugins.
Preloading 0 native plugins for Editor in 0.00 ms.
Unloading 2875 Unused Serialized files (Serialized files now loaded: 0)
System memory in use before: 152.9 MB.
System memory in use after: 153.1 MB.

Unloading 7 unused Assets to reduce memory usage. Loaded Objects now: 3555.
Total: 2.783600 ms (FindLiveObjects: 0.593000 ms CreateObjectMapping: 0.089400 ms MarkObjects: 1.985200 ms  DeleteObjects: 0.113700 ms)

========================================================================
Received Prepare
Registering precompiled user dll's ...
Registered in 0.002210 seconds.
Begin MonoManager ReloadAssembly
Native extension for WindowsStandalone target not found
Native extension for WebGL target not found
Refreshing native plugins compatible for Editor in 0.87 ms, found 0 plugins.
Preloading 0 native plugins for Editor in 0.00 ms.
Invoked RoslynAnalysisRunner static constructor.
RoslynAnalysisRunner will not be running.
RoslynAnalysisRunner has terminated.
Mono: successfully reloaded assembly
- Completed reload, in  0.817 seconds
Platform modules already initialized, skipping
Shader 'Universal Render Pipeline/Particles/Lit': fallback shader 'Universal Render Pipeline/Particles/SimpleLit' not found
Refreshing native plugins compatible for Editor in 0.75 ms, found 0 plugins.
Preloading 0 native plugins for Editor in 0.00 ms.
Unloading 2875 Unused Serialized files (Serialized files now loaded: 0)
System memory in use before: 152.9 MB.
System memory in use after: 153.1 MB.

Unloading 7 unused Assets to reduce memory usage. Loaded Objects now: 3558.
Total: 3.537900 ms (FindLiveObjects: 0.618500 ms CreateObjectMapping: 0.250000 ms MarkObjects: 2.558600 ms  DeleteObjects: 0.109100 ms)

========================================================================
Received Prepare
Registering precompiled user dll's ...
Registered in 0.001807 seconds.
Begin MonoManager ReloadAssembly
Native extension for WindowsStandalone target not found
Native extension for WebGL target not found
Refreshing native plugins compatible for Editor in 0.89 ms, found 0 plugins.
Preloading 0 native plugins for Editor in 0.00 ms.
Invoked RoslynAnalysisRunner static constructor.
RoslynAnalysisRunner will not be running.
RoslynAnalysisRunner has terminated.
Mono: successfully reloaded assembly
- Completed reload, in  0.800 seconds
Platform modules already initialized, skipping
Shader 'Universal Render Pipeline/Particles/Lit': fallback shader 'Universal Render Pipeline/Particles/SimpleLit' not found
Refreshing native plugins compatible for Editor in 0.71 ms, found 0 plugins.
Preloading 0 native plugins for Editor in 0.00 ms.
Unloading 2875 Unused Serialized files (Serialized files now loaded: 0)
System memory in use before: 153.0 MB.
System memory in use after: 153.1 MB.

Unloading 7 unused Assets to reduce memory usage. Loaded Objects now: 3561.
Total: 3.183400 ms (FindLiveObjects: 0.486600 ms CreateObjectMapping: 0.179800 ms MarkObjects: 2.397000 ms  DeleteObjects: 0.118600 ms)

========================================================================
Received Prepare
Registering precompiled user dll's ...
Registered in 0.001732 seconds.
Begin MonoManager ReloadAssembly
Native extension for WindowsStandalone target not found
Native extension for WebGL target not found
Refreshing native plugins compatible for Editor in 0.68 ms, found 0 plugins.
Preloading 0 native plugins for Editor in 0.00 ms.
Invoked RoslynAnalysisRunner static constructor.
RoslynAnalysisRunner will not be running.
RoslynAnalysisRunner has terminated.
Mono: successfully reloaded assembly
- Completed reload, in  0.815 seconds
Platform modules already initialized, skipping
Shader 'Universal Render Pipeline/Particles/Lit': fallback shader 'Universal Render Pipeline/Particles/SimpleLit' not found
Refreshing native plugins compatible for Editor in 0.68 ms, found 0 plugins.
Preloading 0 native plugins for Editor in 0.00 ms.
Unloading 2875 Unused Serialized files (Serialized files now loaded: 0)
System memory in use before: 152.9 MB.
System memory in use after: 153.1 MB.

Unloading 7 unused Assets to reduce memory usage. Loaded Objects now: 3564.
Total: 2.723200 ms (FindLiveObjects: 0.448000 ms CreateObjectMapping: 0.138200 ms MarkObjects: 2.025400 ms  DeleteObjects: 0.110100 ms)

========================================================================
Received Prepare
Registering precompiled user dll's ...
Registered in 0.001854 seconds.
Begin MonoManager ReloadAssembly
Native extension for WindowsStandalone target not found
Native extension for WebGL target not found
Refreshing native plugins compatible for Editor in 0.69 ms, found 0 plugins.
Preloading 0 native plugins for Editor in 0.00 ms.
Invoked RoslynAnalysisRunner static constructor.
RoslynAnalysisRunner will not be running.
RoslynAnalysisRunner has terminated.
Mono: successfully reloaded assembly
- Completed reload, in  0.840 seconds
Platform modules already initialized, skipping
Shader 'Universal Render Pipeline/Particles/Lit': fallback shader 'Universal Render Pipeline/Particles/SimpleLit' not found
Refreshing native plugins compatible for Editor in 0.68 ms, found 0 plugins.
Preloading 0 native plugins for Editor in 0.00 ms.
Unloading 2875 Unused Serialized files (Serialized files now loaded: 0)
System memory in use before: 152.9 MB.
System memory in use after: 153.1 MB.

Unloading 7 unused Assets to reduce memory usage. Loaded Objects now: 3567.
Total: 4.944700 ms (FindLiveObjects: 0.747600 ms CreateObjectMapping: 0.368000 ms MarkObjects: 3.696500 ms  DeleteObjects: 0.128800 ms)

========================================================================
Received Prepare
Registering precompiled user dll's ...
Registered in 0.001750 seconds.
Begin MonoManager ReloadAssembly
Native extension for WindowsStandalone target not found
Native extension for WebGL target not found
Refreshing native plugins compatible for Editor in 0.70 ms, found 0 plugins.
Preloading 0 native plugins for Editor in 0.00 ms.
Invoked RoslynAnalysisRunner static constructor.
RoslynAnalysisRunner will not be running.
RoslynAnalysisRunner has terminated.
Mono: successfully reloaded assembly
- Completed reload, in  0.795 seconds
Platform modules already initialized, skipping
Shader 'Universal Render Pipeline/Particles/Lit': fallback shader 'Universal Render Pipeline/Particles/SimpleLit' not found
Refreshing native plugins compatible for Editor in 0.67 ms, found 0 plugins.
Preloading 0 native plugins for Editor in 0.00 ms.
Unloading 2875 Unused Serialized files (Serialized files now loaded: 0)
System memory in use before: 152.9 MB.
System memory in use after: 153.2 MB.

Unloading 7 unused Assets to reduce memory usage. Loaded Objects now: 3570.
Total: 3.317100 ms (FindLiveObjects: 0.668500 ms CreateObjectMapping: 0.251900 ms MarkObjects: 2.273600 ms  DeleteObjects: 0.121100 ms)

AssetImportWorkerClient::OnTransportError - code=2 error=End of file
